{"C:\\Users\\Alejo\\Downloads\\Backend-Adoptme-main\\src\\app.js": {"path":"C:\\Users\\Alejo\\Downloads\\Backend-Adoptme-main\\src\\app.js","statementMap":{"0":{"start":{"line":10,"column":24},"end":{"line":10,"column":95}},"1":{"start":{"line":12,"column":12},"end":{"line":12,"column":21}},"2":{"start":{"line":14,"column":0},"end":{"line":14,"column":24}},"3":{"start":{"line":15,"column":0},"end":{"line":15,"column":24}},"4":{"start":{"line":17,"column":0},"end":{"line":17,"column":34}},"5":{"start":{"line":18,"column":0},"end":{"line":18,"column":32}},"6":{"start":{"line":19,"column":0},"end":{"line":19,"column":42}},"7":{"start":{"line":20,"column":0},"end":{"line":20,"column":40}},"8":{"start":{"line":21,"column":0},"end":{"line":21,"column":35}},"9":{"start":{"line":23,"column":0},"end":{"line":23,"column":72}}},"fnMap":{},"branchMap":{},"s":{"0":1,"1":1,"2":1,"3":1,"4":1,"5":1,"6":1,"7":1,"8":1,"9":1},"f":{},"b":{},"_coverageSchema":"1a1c01bbd47fc00a2c39e90264f33305004495a9","hash":"9f1227e114816f522dacffa0677cad71e6075e1a"}
,"C:\\Users\\Alejo\\Downloads\\Backend-Adoptme-main\\src\\controllers\\adoptions.controller.js": {"path":"C:\\Users\\Alejo\\Downloads\\Backend-Adoptme-main\\src\\controllers\\adoptions.controller.js","statementMap":{"0":{"start":{"line":3,"column":24},"end":{"line":6,"column":1}},"1":{"start":{"line":4,"column":19},"end":{"line":4,"column":50}},"2":{"start":{"line":5,"column":4},"end":{"line":5,"column":47}},"3":{"start":{"line":8,"column":20},"end":{"line":13,"column":1}},"4":{"start":{"line":9,"column":23},"end":{"line":9,"column":37}},"5":{"start":{"line":10,"column":21},"end":{"line":10,"column":67}},"6":{"start":{"line":11,"column":4},"end":{"line":11,"column":90}},"7":{"start":{"line":11,"column":18},"end":{"line":11,"column":90}},"8":{"start":{"line":12,"column":4},"end":{"line":12,"column":49}},"9":{"start":{"line":15,"column":23},"end":{"line":27,"column":1}},"10":{"start":{"line":16,"column":22},"end":{"line":16,"column":32}},"11":{"start":{"line":17,"column":17},"end":{"line":17,"column":52}},"12":{"start":{"line":18,"column":4},"end":{"line":18,"column":84}},"13":{"start":{"line":18,"column":14},"end":{"line":18,"column":84}},"14":{"start":{"line":19,"column":16},"end":{"line":19,"column":50}},"15":{"start":{"line":20,"column":4},"end":{"line":20,"column":81}},"16":{"start":{"line":20,"column":13},"end":{"line":20,"column":81}},"17":{"start":{"line":21,"column":4},"end":{"line":21,"column":97}},"18":{"start":{"line":21,"column":20},"end":{"line":21,"column":97}},"19":{"start":{"line":22,"column":4},"end":{"line":22,"column":28}},"20":{"start":{"line":23,"column":4},"end":{"line":23,"column":56}},"21":{"start":{"line":24,"column":4},"end":{"line":24,"column":67}},"22":{"start":{"line":25,"column":4},"end":{"line":25,"column":63}},"23":{"start":{"line":26,"column":4},"end":{"line":26,"column":54}}},"fnMap":{"0":{"name":"(anonymous_0)","decl":{"start":{"line":3,"column":24},"end":{"line":3,"column":25}},"loc":{"start":{"line":3,"column":40},"end":{"line":6,"column":1}},"line":3},"1":{"name":"(anonymous_1)","decl":{"start":{"line":8,"column":20},"end":{"line":8,"column":21}},"loc":{"start":{"line":8,"column":36},"end":{"line":13,"column":1}},"line":8},"2":{"name":"(anonymous_2)","decl":{"start":{"line":15,"column":23},"end":{"line":15,"column":24}},"loc":{"start":{"line":15,"column":39},"end":{"line":27,"column":1}},"line":15}},"branchMap":{"0":{"loc":{"start":{"line":11,"column":4},"end":{"line":11,"column":90}},"type":"if","locations":[{"start":{"line":11,"column":4},"end":{"line":11,"column":90}},{"start":{},"end":{}}],"line":11},"1":{"loc":{"start":{"line":18,"column":4},"end":{"line":18,"column":84}},"type":"if","locations":[{"start":{"line":18,"column":4},"end":{"line":18,"column":84}},{"start":{},"end":{}}],"line":18},"2":{"loc":{"start":{"line":20,"column":4},"end":{"line":20,"column":81}},"type":"if","locations":[{"start":{"line":20,"column":4},"end":{"line":20,"column":81}},{"start":{},"end":{}}],"line":20},"3":{"loc":{"start":{"line":21,"column":4},"end":{"line":21,"column":97}},"type":"if","locations":[{"start":{"line":21,"column":4},"end":{"line":21,"column":97}},{"start":{},"end":{}}],"line":21}},"s":{"0":1,"1":1,"2":1,"3":1,"4":2,"5":2,"6":2,"7":1,"8":1,"9":1,"10":4,"11":4,"12":4,"13":1,"14":3,"15":3,"16":1,"17":2,"18":1,"19":1,"20":1,"21":1,"22":1,"23":1},"f":{"0":1,"1":2,"2":4},"b":{"0":[1,1],"1":[1,3],"2":[1,2],"3":[1,1]},"_coverageSchema":"1a1c01bbd47fc00a2c39e90264f33305004495a9","hash":"ba0ae531da9923e3eb1808ceef406213f471e92d"}
,"C:\\Users\\Alejo\\Downloads\\Backend-Adoptme-main\\src\\controllers\\pets.controller.js": {"path":"C:\\Users\\Alejo\\Downloads\\Backend-Adoptme-main\\src\\controllers\\pets.controller.js","statementMap":{"0":{"start":{"line":5,"column":19},"end":{"line":8,"column":1}},"1":{"start":{"line":6,"column":17},"end":{"line":6,"column":43}},"2":{"start":{"line":7,"column":4},"end":{"line":7,"column":45}},"3":{"start":{"line":10,"column":18},"end":{"line":16,"column":1}},"4":{"start":{"line":11,"column":36},"end":{"line":11,"column":44}},"5":{"start":{"line":12,"column":4},"end":{"line":12,"column":106}},"6":{"start":{"line":12,"column":35},"end":{"line":12,"column":106}},"7":{"start":{"line":13,"column":16},"end":{"line":13,"column":63}},"8":{"start":{"line":14,"column":19},"end":{"line":14,"column":48}},"9":{"start":{"line":15,"column":4},"end":{"line":15,"column":47}},"10":{"start":{"line":18,"column":18},"end":{"line":23,"column":1}},"11":{"start":{"line":19,"column":26},"end":{"line":19,"column":34}},"12":{"start":{"line":20,"column":18},"end":{"line":20,"column":32}},"13":{"start":{"line":21,"column":19},"end":{"line":21,"column":64}},"14":{"start":{"line":22,"column":4},"end":{"line":22,"column":54}},"15":{"start":{"line":25,"column":18},"end":{"line":29,"column":1}},"16":{"start":{"line":26,"column":18},"end":{"line":26,"column":32}},"17":{"start":{"line":27,"column":19},"end":{"line":27,"column":50}},"18":{"start":{"line":28,"column":4},"end":{"line":28,"column":55}},"19":{"start":{"line":31,"column":27},"end":{"line":45,"column":1}},"20":{"start":{"line":32,"column":17},"end":{"line":32,"column":25}},"21":{"start":{"line":33,"column":36},"end":{"line":33,"column":44}},"22":{"start":{"line":34,"column":4},"end":{"line":34,"column":106}},"23":{"start":{"line":34,"column":35},"end":{"line":34,"column":106}},"24":{"start":{"line":35,"column":4},"end":{"line":35,"column":22}},"25":{"start":{"line":36,"column":16},"end":{"line":41,"column":6}},"26":{"start":{"line":42,"column":4},"end":{"line":42,"column":21}},"27":{"start":{"line":43,"column":19},"end":{"line":43,"column":48}},"28":{"start":{"line":44,"column":4},"end":{"line":44,"column":47}}},"fnMap":{"0":{"name":"(anonymous_0)","decl":{"start":{"line":5,"column":19},"end":{"line":5,"column":20}},"loc":{"start":{"line":5,"column":35},"end":{"line":8,"column":1}},"line":5},"1":{"name":"(anonymous_1)","decl":{"start":{"line":10,"column":18},"end":{"line":10,"column":19}},"loc":{"start":{"line":10,"column":35},"end":{"line":16,"column":1}},"line":10},"2":{"name":"(anonymous_2)","decl":{"start":{"line":18,"column":18},"end":{"line":18,"column":19}},"loc":{"start":{"line":18,"column":35},"end":{"line":23,"column":1}},"line":18},"3":{"name":"(anonymous_3)","decl":{"start":{"line":25,"column":18},"end":{"line":25,"column":19}},"loc":{"start":{"line":25,"column":35},"end":{"line":29,"column":1}},"line":25},"4":{"name":"(anonymous_4)","decl":{"start":{"line":31,"column":27},"end":{"line":31,"column":28}},"loc":{"start":{"line":31,"column":44},"end":{"line":45,"column":1}},"line":31}},"branchMap":{"0":{"loc":{"start":{"line":12,"column":4},"end":{"line":12,"column":106}},"type":"if","locations":[{"start":{"line":12,"column":4},"end":{"line":12,"column":106}},{"start":{},"end":{}}],"line":12},"1":{"loc":{"start":{"line":12,"column":7},"end":{"line":12,"column":33}},"type":"binary-expr","locations":[{"start":{"line":12,"column":7},"end":{"line":12,"column":12}},{"start":{"line":12,"column":14},"end":{"line":12,"column":21}},{"start":{"line":12,"column":23},"end":{"line":12,"column":33}}],"line":12},"2":{"loc":{"start":{"line":34,"column":4},"end":{"line":34,"column":106}},"type":"if","locations":[{"start":{"line":34,"column":4},"end":{"line":34,"column":106}},{"start":{},"end":{}}],"line":34},"3":{"loc":{"start":{"line":34,"column":7},"end":{"line":34,"column":33}},"type":"binary-expr","locations":[{"start":{"line":34,"column":7},"end":{"line":34,"column":12}},{"start":{"line":34,"column":14},"end":{"line":34,"column":21}},{"start":{"line":34,"column":23},"end":{"line":34,"column":33}}],"line":34}},"s":{"0":1,"1":0,"2":0,"3":1,"4":0,"5":0,"6":0,"7":0,"8":0,"9":0,"10":1,"11":0,"12":0,"13":0,"14":0,"15":1,"16":0,"17":0,"18":0,"19":1,"20":0,"21":0,"22":0,"23":0,"24":0,"25":0,"26":0,"27":0,"28":0},"f":{"0":0,"1":0,"2":0,"3":0,"4":0},"b":{"0":[0,0],"1":[0,0,0],"2":[0,0],"3":[0,0,0]},"_coverageSchema":"1a1c01bbd47fc00a2c39e90264f33305004495a9","hash":"d825ff9d8defa536ac51c15c0b45b31e1a8e0eb0"}
,"C:\\Users\\Alejo\\Downloads\\Backend-Adoptme-main\\src\\controllers\\sessions.controller.js": {"path":"C:\\Users\\Alejo\\Downloads\\Backend-Adoptme-main\\src\\controllers\\sessions.controller.js","statementMap":{"0":{"start":{"line":6,"column":17},"end":{"line":25,"column":1}},"1":{"start":{"line":7,"column":4},"end":{"line":24,"column":5}},"2":{"start":{"line":8,"column":59},"end":{"line":8,"column":67}},"3":{"start":{"line":9,"column":8},"end":{"line":9,"column":139}},"4":{"start":{"line":9,"column":62},"end":{"line":9,"column":139}},"5":{"start":{"line":10,"column":23},"end":{"line":10,"column":63}},"6":{"start":{"line":11,"column":8},"end":{"line":11,"column":99}},"7":{"start":{"line":11,"column":20},"end":{"line":11,"column":99}},"8":{"start":{"line":12,"column":31},"end":{"line":12,"column":57}},"9":{"start":{"line":13,"column":21},"end":{"line":18,"column":9}},"10":{"start":{"line":19,"column":21},"end":{"line":19,"column":52}},"11":{"start":{"line":20,"column":8},"end":{"line":20,"column":28}},"12":{"start":{"line":21,"column":8},"end":{"line":21,"column":61}},"13":{"start":{"line":27,"column":14},"end":{"line":37,"column":1}},"14":{"start":{"line":28,"column":32},"end":{"line":28,"column":40}},"15":{"start":{"line":29,"column":4},"end":{"line":29,"column":106}},"16":{"start":{"line":29,"column":29},"end":{"line":29,"column":106}},"17":{"start":{"line":30,"column":17},"end":{"line":30,"column":57}},"18":{"start":{"line":31,"column":4},"end":{"line":31,"column":87}},"19":{"start":{"line":31,"column":14},"end":{"line":31,"column":87}},"20":{"start":{"line":32,"column":28},"end":{"line":32,"column":67}},"21":{"start":{"line":33,"column":4},"end":{"line":33,"column":98}},"22":{"start":{"line":33,"column":25},"end":{"line":33,"column":98}},"23":{"start":{"line":34,"column":20},"end":{"line":34,"column":50}},"24":{"start":{"line":35,"column":18},"end":{"line":35,"column":69}},"25":{"start":{"line":36,"column":4},"end":{"line":36,"column":97}},"26":{"start":{"line":39,"column":16},"end":{"line":44,"column":1}},"27":{"start":{"line":40,"column":19},"end":{"line":40,"column":45}},"28":{"start":{"line":41,"column":17},"end":{"line":41,"column":52}},"29":{"start":{"line":42,"column":4},"end":{"line":43,"column":56}},"30":{"start":{"line":43,"column":8},"end":{"line":43,"column":56}},"31":{"start":{"line":46,"column":26},"end":{"line":55,"column":1}},"32":{"start":{"line":47,"column":32},"end":{"line":47,"column":40}},"33":{"start":{"line":48,"column":4},"end":{"line":48,"column":106}},"34":{"start":{"line":48,"column":29},"end":{"line":48,"column":106}},"35":{"start":{"line":49,"column":17},"end":{"line":49,"column":57}},"36":{"start":{"line":50,"column":4},"end":{"line":50,"column":87}},"37":{"start":{"line":50,"column":14},"end":{"line":50,"column":87}},"38":{"start":{"line":51,"column":28},"end":{"line":51,"column":67}},"39":{"start":{"line":52,"column":4},"end":{"line":52,"column":98}},"40":{"start":{"line":52,"column":25},"end":{"line":52,"column":98}},"41":{"start":{"line":53,"column":18},"end":{"line":53,"column":66}},"42":{"start":{"line":54,"column":4},"end":{"line":54,"column":115}},"43":{"start":{"line":56,"column":27},"end":{"line":61,"column":1}},"44":{"start":{"line":57,"column":19},"end":{"line":57,"column":51}},"45":{"start":{"line":58,"column":17},"end":{"line":58,"column":52}},"46":{"start":{"line":59,"column":4},"end":{"line":60,"column":56}},"47":{"start":{"line":60,"column":8},"end":{"line":60,"column":56}}},"fnMap":{"0":{"name":"(anonymous_0)","decl":{"start":{"line":6,"column":17},"end":{"line":6,"column":18}},"loc":{"start":{"line":6,"column":37},"end":{"line":25,"column":1}},"line":6},"1":{"name":"(anonymous_1)","decl":{"start":{"line":27,"column":14},"end":{"line":27,"column":15}},"loc":{"start":{"line":27,"column":34},"end":{"line":37,"column":1}},"line":27},"2":{"name":"(anonymous_2)","decl":{"start":{"line":39,"column":16},"end":{"line":39,"column":17}},"loc":{"start":{"line":39,"column":33},"end":{"line":44,"column":1}},"line":39},"3":{"name":"(anonymous_3)","decl":{"start":{"line":46,"column":26},"end":{"line":46,"column":27}},"loc":{"start":{"line":46,"column":43},"end":{"line":55,"column":1}},"line":46},"4":{"name":"(anonymous_4)","decl":{"start":{"line":56,"column":27},"end":{"line":56,"column":28}},"loc":{"start":{"line":56,"column":43},"end":{"line":61,"column":1}},"line":56}},"branchMap":{"0":{"loc":{"start":{"line":9,"column":8},"end":{"line":9,"column":139}},"type":"if","locations":[{"start":{"line":9,"column":8},"end":{"line":9,"column":139}},{"start":{},"end":{}}],"line":9},"1":{"loc":{"start":{"line":9,"column":12},"end":{"line":9,"column":60}},"type":"binary-expr","locations":[{"start":{"line":9,"column":12},"end":{"line":9,"column":23}},{"start":{"line":9,"column":27},"end":{"line":9,"column":37}},{"start":{"line":9,"column":41},"end":{"line":9,"column":47}},{"start":{"line":9,"column":51},"end":{"line":9,"column":60}}],"line":9},"2":{"loc":{"start":{"line":11,"column":8},"end":{"line":11,"column":99}},"type":"if","locations":[{"start":{"line":11,"column":8},"end":{"line":11,"column":99}},{"start":{},"end":{}}],"line":11},"3":{"loc":{"start":{"line":29,"column":4},"end":{"line":29,"column":106}},"type":"if","locations":[{"start":{"line":29,"column":4},"end":{"line":29,"column":106}},{"start":{},"end":{}}],"line":29},"4":{"loc":{"start":{"line":29,"column":8},"end":{"line":29,"column":27}},"type":"binary-expr","locations":[{"start":{"line":29,"column":8},"end":{"line":29,"column":14}},{"start":{"line":29,"column":18},"end":{"line":29,"column":27}}],"line":29},"5":{"loc":{"start":{"line":31,"column":4},"end":{"line":31,"column":87}},"type":"if","locations":[{"start":{"line":31,"column":4},"end":{"line":31,"column":87}},{"start":{},"end":{}}],"line":31},"6":{"loc":{"start":{"line":33,"column":4},"end":{"line":33,"column":98}},"type":"if","locations":[{"start":{"line":33,"column":4},"end":{"line":33,"column":98}},{"start":{},"end":{}}],"line":33},"7":{"loc":{"start":{"line":42,"column":4},"end":{"line":43,"column":56}},"type":"if","locations":[{"start":{"line":42,"column":4},"end":{"line":43,"column":56}},{"start":{},"end":{}}],"line":42},"8":{"loc":{"start":{"line":48,"column":4},"end":{"line":48,"column":106}},"type":"if","locations":[{"start":{"line":48,"column":4},"end":{"line":48,"column":106}},{"start":{},"end":{}}],"line":48},"9":{"loc":{"start":{"line":48,"column":8},"end":{"line":48,"column":27}},"type":"binary-expr","locations":[{"start":{"line":48,"column":8},"end":{"line":48,"column":14}},{"start":{"line":48,"column":18},"end":{"line":48,"column":27}}],"line":48},"10":{"loc":{"start":{"line":50,"column":4},"end":{"line":50,"column":87}},"type":"if","locations":[{"start":{"line":50,"column":4},"end":{"line":50,"column":87}},{"start":{},"end":{}}],"line":50},"11":{"loc":{"start":{"line":52,"column":4},"end":{"line":52,"column":98}},"type":"if","locations":[{"start":{"line":52,"column":4},"end":{"line":52,"column":98}},{"start":{},"end":{}}],"line":52},"12":{"loc":{"start":{"line":59,"column":4},"end":{"line":60,"column":56}},"type":"if","locations":[{"start":{"line":59,"column":4},"end":{"line":60,"column":56}},{"start":{},"end":{}}],"line":59}},"s":{"0":1,"1":0,"2":0,"3":0,"4":0,"5":0,"6":0,"7":0,"8":0,"9":0,"10":0,"11":0,"12":0,"13":1,"14":0,"15":0,"16":0,"17":0,"18":0,"19":0,"20":0,"21":0,"22":0,"23":0,"24":0,"25":0,"26":1,"27":0,"28":0,"29":0,"30":0,"31":1,"32":0,"33":0,"34":0,"35":0,"36":0,"37":0,"38":0,"39":0,"40":0,"41":0,"42":0,"43":1,"44":0,"45":0,"46":0,"47":0},"f":{"0":0,"1":0,"2":0,"3":0,"4":0},"b":{"0":[0,0],"1":[0,0,0,0],"2":[0,0],"3":[0,0],"4":[0,0],"5":[0,0],"6":[0,0],"7":[0,0],"8":[0,0],"9":[0,0],"10":[0,0],"11":[0,0],"12":[0,0]},"_coverageSchema":"1a1c01bbd47fc00a2c39e90264f33305004495a9","hash":"8d9a6f273c1e0afaff6124d43ebe9db90cbb23a3"}
,"C:\\Users\\Alejo\\Downloads\\Backend-Adoptme-main\\src\\controllers\\users.controller.js": {"path":"C:\\Users\\Alejo\\Downloads\\Backend-Adoptme-main\\src\\controllers\\users.controller.js","statementMap":{"0":{"start":{"line":3,"column":20},"end":{"line":6,"column":1}},"1":{"start":{"line":4,"column":18},"end":{"line":4,"column":45}},"2":{"start":{"line":5,"column":4},"end":{"line":5,"column":46}},"3":{"start":{"line":8,"column":16},"end":{"line":13,"column":1}},"4":{"start":{"line":9,"column":19},"end":{"line":9,"column":33}},"5":{"start":{"line":10,"column":17},"end":{"line":10,"column":55}},"6":{"start":{"line":11,"column":4},"end":{"line":11,"column":82}},"7":{"start":{"line":11,"column":14},"end":{"line":11,"column":82}},"8":{"start":{"line":12,"column":4},"end":{"line":12,"column":45}},"9":{"start":{"line":15,"column":18},"end":{"line":22,"column":1}},"10":{"start":{"line":16,"column":23},"end":{"line":16,"column":31}},"11":{"start":{"line":17,"column":19},"end":{"line":17,"column":33}},"12":{"start":{"line":18,"column":17},"end":{"line":18,"column":55}},"13":{"start":{"line":19,"column":4},"end":{"line":19,"column":83}},"14":{"start":{"line":19,"column":14},"end":{"line":19,"column":83}},"15":{"start":{"line":20,"column":19},"end":{"line":20,"column":63}},"16":{"start":{"line":21,"column":4},"end":{"line":21,"column":55}},"17":{"start":{"line":24,"column":19},"end":{"line":28,"column":1}},"18":{"start":{"line":25,"column":19},"end":{"line":25,"column":33}},"19":{"start":{"line":26,"column":19},"end":{"line":26,"column":57}},"20":{"start":{"line":27,"column":4},"end":{"line":27,"column":55}}},"fnMap":{"0":{"name":"(anonymous_0)","decl":{"start":{"line":3,"column":20},"end":{"line":3,"column":21}},"loc":{"start":{"line":3,"column":36},"end":{"line":6,"column":1}},"line":3},"1":{"name":"(anonymous_1)","decl":{"start":{"line":8,"column":16},"end":{"line":8,"column":17}},"loc":{"start":{"line":8,"column":33},"end":{"line":13,"column":1}},"line":8},"2":{"name":"(anonymous_2)","decl":{"start":{"line":15,"column":18},"end":{"line":15,"column":19}},"loc":{"start":{"line":15,"column":34},"end":{"line":22,"column":1}},"line":15},"3":{"name":"(anonymous_3)","decl":{"start":{"line":24,"column":19},"end":{"line":24,"column":20}},"loc":{"start":{"line":24,"column":36},"end":{"line":28,"column":1}},"line":24}},"branchMap":{"0":{"loc":{"start":{"line":11,"column":4},"end":{"line":11,"column":82}},"type":"if","locations":[{"start":{"line":11,"column":4},"end":{"line":11,"column":82}},{"start":{},"end":{}}],"line":11},"1":{"loc":{"start":{"line":19,"column":4},"end":{"line":19,"column":83}},"type":"if","locations":[{"start":{"line":19,"column":4},"end":{"line":19,"column":83}},{"start":{},"end":{}}],"line":19}},"s":{"0":1,"1":0,"2":0,"3":1,"4":0,"5":0,"6":0,"7":0,"8":0,"9":1,"10":0,"11":0,"12":0,"13":0,"14":0,"15":0,"16":0,"17":1,"18":0,"19":0,"20":0},"f":{"0":0,"1":0,"2":0,"3":0},"b":{"0":[0,0],"1":[0,0]},"_coverageSchema":"1a1c01bbd47fc00a2c39e90264f33305004495a9","hash":"ed53b3200ed6ca83626208b6992ccc843918312b"}
,"C:\\Users\\Alejo\\Downloads\\Backend-Adoptme-main\\src\\dao\\Adoption.js": {"path":"C:\\Users\\Alejo\\Downloads\\Backend-Adoptme-main\\src\\dao\\Adoption.js","statementMap":{"0":{"start":{"line":5,"column":10},"end":{"line":7,"column":5}},"1":{"start":{"line":6,"column":8},"end":{"line":6,"column":42}},"2":{"start":{"line":9,"column":12},"end":{"line":11,"column":5}},"3":{"start":{"line":10,"column":8},"end":{"line":10,"column":45}},"4":{"start":{"line":13,"column":11},"end":{"line":15,"column":5}},"5":{"start":{"line":14,"column":8},"end":{"line":14,"column":41}},"6":{"start":{"line":17,"column":13},"end":{"line":19,"column":5}},"7":{"start":{"line":18,"column":8},"end":{"line":18,"column":61}},"8":{"start":{"line":21,"column":13},"end":{"line":23,"column":5}},"9":{"start":{"line":22,"column":8},"end":{"line":22,"column":51}}},"fnMap":{"0":{"name":"(anonymous_0)","decl":{"start":{"line":5,"column":10},"end":{"line":5,"column":11}},"loc":{"start":{"line":5,"column":21},"end":{"line":7,"column":5}},"line":5},"1":{"name":"(anonymous_1)","decl":{"start":{"line":9,"column":12},"end":{"line":9,"column":13}},"loc":{"start":{"line":9,"column":23},"end":{"line":11,"column":5}},"line":9},"2":{"name":"(anonymous_2)","decl":{"start":{"line":13,"column":11},"end":{"line":13,"column":12}},"loc":{"start":{"line":13,"column":19},"end":{"line":15,"column":5}},"line":13},"3":{"name":"(anonymous_3)","decl":{"start":{"line":17,"column":13},"end":{"line":17,"column":14}},"loc":{"start":{"line":17,"column":24},"end":{"line":19,"column":5}},"line":17},"4":{"name":"(anonymous_4)","decl":{"start":{"line":21,"column":13},"end":{"line":21,"column":14}},"loc":{"start":{"line":21,"column":20},"end":{"line":23,"column":5}},"line":21}},"branchMap":{},"s":{"0":1,"1":1,"2":1,"3":2,"4":1,"5":1,"6":1,"7":0,"8":1,"9":0},"f":{"0":1,"1":2,"2":1,"3":0,"4":0},"b":{},"_coverageSchema":"1a1c01bbd47fc00a2c39e90264f33305004495a9","hash":"3926a7d656948e08c37fed8622dec6e70efd1ab4"}
,"C:\\Users\\Alejo\\Downloads\\Backend-Adoptme-main\\src\\dao\\Pets.dao.js": {"path":"C:\\Users\\Alejo\\Downloads\\Backend-Adoptme-main\\src\\dao\\Pets.dao.js","statementMap":{"0":{"start":{"line":5,"column":10},"end":{"line":7,"column":5}},"1":{"start":{"line":6,"column":8},"end":{"line":6,"column":36}},"2":{"start":{"line":9,"column":12},"end":{"line":11,"column":5}},"3":{"start":{"line":10,"column":8},"end":{"line":10,"column":40}},"4":{"start":{"line":13,"column":11},"end":{"line":15,"column":5}},"5":{"start":{"line":14,"column":8},"end":{"line":14,"column":36}},"6":{"start":{"line":17,"column":13},"end":{"line":19,"column":5}},"7":{"start":{"line":18,"column":8},"end":{"line":18,"column":56}},"8":{"start":{"line":21,"column":13},"end":{"line":23,"column":5}},"9":{"start":{"line":22,"column":8},"end":{"line":22,"column":46}}},"fnMap":{"0":{"name":"(anonymous_0)","decl":{"start":{"line":5,"column":10},"end":{"line":5,"column":11}},"loc":{"start":{"line":5,"column":21},"end":{"line":7,"column":5}},"line":5},"1":{"name":"(anonymous_1)","decl":{"start":{"line":9,"column":12},"end":{"line":9,"column":13}},"loc":{"start":{"line":9,"column":23},"end":{"line":11,"column":5}},"line":9},"2":{"name":"(anonymous_2)","decl":{"start":{"line":13,"column":11},"end":{"line":13,"column":12}},"loc":{"start":{"line":13,"column":19},"end":{"line":15,"column":5}},"line":13},"3":{"name":"(anonymous_3)","decl":{"start":{"line":17,"column":13},"end":{"line":17,"column":14}},"loc":{"start":{"line":17,"column":24},"end":{"line":19,"column":5}},"line":17},"4":{"name":"(anonymous_4)","decl":{"start":{"line":21,"column":13},"end":{"line":21,"column":14}},"loc":{"start":{"line":21,"column":20},"end":{"line":23,"column":5}},"line":21}},"branchMap":{},"s":{"0":1,"1":0,"2":1,"3":3,"4":1,"5":0,"6":1,"7":1,"8":1,"9":0},"f":{"0":0,"1":3,"2":0,"3":1,"4":0},"b":{},"_coverageSchema":"1a1c01bbd47fc00a2c39e90264f33305004495a9","hash":"70250b7409ebd82d9f6fe3688147c6f2c5e1e4ed"}
,"C:\\Users\\Alejo\\Downloads\\Backend-Adoptme-main\\src\\dao\\Users.dao.js": {"path":"C:\\Users\\Alejo\\Downloads\\Backend-Adoptme-main\\src\\dao\\Users.dao.js","statementMap":{"0":{"start":{"line":6,"column":10},"end":{"line":8,"column":5}},"1":{"start":{"line":7,"column":8},"end":{"line":7,"column":38}},"2":{"start":{"line":10,"column":12},"end":{"line":12,"column":5}},"3":{"start":{"line":11,"column":8},"end":{"line":11,"column":41}},"4":{"start":{"line":14,"column":11},"end":{"line":16,"column":5}},"5":{"start":{"line":15,"column":8},"end":{"line":15,"column":37}},"6":{"start":{"line":18,"column":13},"end":{"line":20,"column":5}},"7":{"start":{"line":19,"column":8},"end":{"line":19,"column":57}},"8":{"start":{"line":22,"column":13},"end":{"line":24,"column":5}},"9":{"start":{"line":23,"column":8},"end":{"line":23,"column":47}}},"fnMap":{"0":{"name":"(anonymous_0)","decl":{"start":{"line":6,"column":10},"end":{"line":6,"column":11}},"loc":{"start":{"line":6,"column":21},"end":{"line":8,"column":5}},"line":6},"1":{"name":"(anonymous_1)","decl":{"start":{"line":10,"column":12},"end":{"line":10,"column":13}},"loc":{"start":{"line":10,"column":23},"end":{"line":12,"column":5}},"line":10},"2":{"name":"(anonymous_2)","decl":{"start":{"line":14,"column":11},"end":{"line":14,"column":12}},"loc":{"start":{"line":14,"column":19},"end":{"line":16,"column":5}},"line":14},"3":{"name":"(anonymous_3)","decl":{"start":{"line":18,"column":13},"end":{"line":18,"column":14}},"loc":{"start":{"line":18,"column":24},"end":{"line":20,"column":5}},"line":18},"4":{"name":"(anonymous_4)","decl":{"start":{"line":22,"column":13},"end":{"line":22,"column":14}},"loc":{"start":{"line":22,"column":20},"end":{"line":24,"column":5}},"line":22}},"branchMap":{},"s":{"0":1,"1":0,"2":1,"3":4,"4":1,"5":0,"6":1,"7":1,"8":1,"9":0},"f":{"0":0,"1":4,"2":0,"3":1,"4":0},"b":{},"_coverageSchema":"1a1c01bbd47fc00a2c39e90264f33305004495a9","hash":"2f0d0eec87eca62a08ab3ae8f1874616d42f27ec"}
,"C:\\Users\\Alejo\\Downloads\\Backend-Adoptme-main\\src\\dao\\models\\Adoption.js": {"path":"C:\\Users\\Alejo\\Downloads\\Backend-Adoptme-main\\src\\dao\\models\\Adoption.js","statementMap":{"0":{"start":{"line":4,"column":19},"end":{"line":4,"column":30}},"1":{"start":{"line":6,"column":15},"end":{"line":15,"column":2}},"2":{"start":{"line":17,"column":22},"end":{"line":17,"column":55}}},"fnMap":{},"branchMap":{},"s":{"0":1,"1":1,"2":1},"f":{},"b":{},"_coverageSchema":"1a1c01bbd47fc00a2c39e90264f33305004495a9","hash":"ad12bba1093b04a2b70685df497623d5efac8a5f"}
,"C:\\Users\\Alejo\\Downloads\\Backend-Adoptme-main\\src\\dao\\models\\Pet.js": {"path":"C:\\Users\\Alejo\\Downloads\\Backend-Adoptme-main\\src\\dao\\models\\Pet.js","statementMap":{"0":{"start":{"line":3,"column":19},"end":{"line":3,"column":25}},"1":{"start":{"line":5,"column":15},"end":{"line":24,"column":2}},"2":{"start":{"line":26,"column":17},"end":{"line":26,"column":50}}},"fnMap":{},"branchMap":{},"s":{"0":1,"1":1,"2":1},"f":{},"b":{},"_coverageSchema":"1a1c01bbd47fc00a2c39e90264f33305004495a9","hash":"fd5eab16ae2468a531535ba2436e041b118898a7"}
,"C:\\Users\\Alejo\\Downloads\\Backend-Adoptme-main\\src\\dao\\models\\User.js": {"path":"C:\\Users\\Alejo\\Downloads\\Backend-Adoptme-main\\src\\dao\\models\\User.js","statementMap":{"0":{"start":{"line":3,"column":19},"end":{"line":3,"column":26}},"1":{"start":{"line":5,"column":15},"end":{"line":38,"column":2}},"2":{"start":{"line":40,"column":18},"end":{"line":40,"column":51}}},"fnMap":{},"branchMap":{},"s":{"0":1,"1":1,"2":1},"f":{},"b":{},"_coverageSchema":"1a1c01bbd47fc00a2c39e90264f33305004495a9","hash":"7b5d3baf7ecdaaf9bbab3fabd640e46dd8408e46"}
,"C:\\Users\\Alejo\\Downloads\\Backend-Adoptme-main\\src\\dto\\Pet.dto.js": {"path":"C:\\Users\\Alejo\\Downloads\\Backend-Adoptme-main\\src\\dto\\Pet.dto.js","statementMap":{"0":{"start":{"line":2,"column":29},"end":{"line":10,"column":5}},"1":{"start":{"line":3,"column":8},"end":{"line":9,"column":9}}},"fnMap":{"0":{"name":"(anonymous_0)","decl":{"start":{"line":2,"column":29},"end":{"line":2,"column":30}},"loc":{"start":{"line":2,"column":37},"end":{"line":10,"column":5}},"line":2}},"branchMap":{"0":{"loc":{"start":{"line":4,"column":17},"end":{"line":4,"column":29}},"type":"binary-expr","locations":[{"start":{"line":4,"column":17},"end":{"line":4,"column":25}},{"start":{"line":4,"column":27},"end":{"line":4,"column":29}}],"line":4},"1":{"loc":{"start":{"line":5,"column":19},"end":{"line":5,"column":33}},"type":"binary-expr","locations":[{"start":{"line":5,"column":19},"end":{"line":5,"column":29}},{"start":{"line":5,"column":31},"end":{"line":5,"column":33}}],"line":5},"2":{"loc":{"start":{"line":6,"column":19},"end":{"line":6,"column":32}},"type":"binary-expr","locations":[{"start":{"line":6,"column":19},"end":{"line":6,"column":28}},{"start":{"line":6,"column":30},"end":{"line":6,"column":32}}],"line":6},"3":{"loc":{"start":{"line":7,"column":22},"end":{"line":7,"column":49}},"type":"binary-expr","locations":[{"start":{"line":7,"column":22},"end":{"line":7,"column":35}},{"start":{"line":7,"column":37},"end":{"line":7,"column":49}}],"line":7}},"s":{"0":1,"1":0},"f":{"0":0},"b":{"0":[0,0],"1":[0,0],"2":[0,0],"3":[0,0]},"_coverageSchema":"1a1c01bbd47fc00a2c39e90264f33305004495a9","hash":"f54568ed7bb6d58378d0131bc4d8a31ec7642753"}
,"C:\\Users\\Alejo\\Downloads\\Backend-Adoptme-main\\src\\dto\\User.dto.js": {"path":"C:\\Users\\Alejo\\Downloads\\Backend-Adoptme-main\\src\\dto\\User.dto.js","statementMap":{"0":{"start":{"line":2,"column":30},"end":{"line":8,"column":5}},"1":{"start":{"line":3,"column":8},"end":{"line":7,"column":9}}},"fnMap":{"0":{"name":"(anonymous_0)","decl":{"start":{"line":2,"column":30},"end":{"line":2,"column":31}},"loc":{"start":{"line":2,"column":39},"end":{"line":8,"column":5}},"line":2}},"branchMap":{},"s":{"0":1,"1":0},"f":{"0":0},"b":{},"_coverageSchema":"1a1c01bbd47fc00a2c39e90264f33305004495a9","hash":"e864276fad700dc4cb4da66bf9f064be55e03eb3"}
,"C:\\Users\\Alejo\\Downloads\\Backend-Adoptme-main\\src\\repository\\AdoptionRepository.js": {"path":"C:\\Users\\Alejo\\Downloads\\Backend-Adoptme-main\\src\\repository\\AdoptionRepository.js","statementMap":{"0":{"start":{"line":5,"column":8},"end":{"line":5,"column":19}}},"fnMap":{"0":{"name":"(anonymous_0)","decl":{"start":{"line":4,"column":4},"end":{"line":4,"column":5}},"loc":{"start":{"line":4,"column":20},"end":{"line":6,"column":5}},"line":4}},"branchMap":{},"s":{"0":1},"f":{"0":1},"b":{},"_coverageSchema":"1a1c01bbd47fc00a2c39e90264f33305004495a9","hash":"83f58aeb84531fd73706ab5e0803defcef52bbea"}
,"C:\\Users\\Alejo\\Downloads\\Backend-Adoptme-main\\src\\repository\\GenericRepository.js": {"path":"C:\\Users\\Alejo\\Downloads\\Backend-Adoptme-main\\src\\repository\\GenericRepository.js","statementMap":{"0":{"start":{"line":4,"column":8},"end":{"line":4,"column":23}},"1":{"start":{"line":7,"column":13},"end":{"line":9,"column":5}},"2":{"start":{"line":8,"column":8},"end":{"line":8,"column":36}},"3":{"start":{"line":11,"column":12},"end":{"line":13,"column":5}},"4":{"start":{"line":12,"column":8},"end":{"line":12,"column":38}},"5":{"start":{"line":15,"column":13},"end":{"line":17,"column":5}},"6":{"start":{"line":16,"column":8},"end":{"line":16,"column":34}},"7":{"start":{"line":19,"column":13},"end":{"line":21,"column":5}},"8":{"start":{"line":20,"column":8},"end":{"line":20,"column":39}},"9":{"start":{"line":23,"column":13},"end":{"line":25,"column":5}},"10":{"start":{"line":24,"column":8},"end":{"line":24,"column":35}}},"fnMap":{"0":{"name":"(anonymous_0)","decl":{"start":{"line":3,"column":4},"end":{"line":3,"column":5}},"loc":{"start":{"line":3,"column":21},"end":{"line":5,"column":5}},"line":3},"1":{"name":"(anonymous_1)","decl":{"start":{"line":7,"column":13},"end":{"line":7,"column":14}},"loc":{"start":{"line":7,"column":24},"end":{"line":9,"column":5}},"line":7},"2":{"name":"(anonymous_2)","decl":{"start":{"line":11,"column":12},"end":{"line":11,"column":13}},"loc":{"start":{"line":11,"column":23},"end":{"line":13,"column":5}},"line":11},"3":{"name":"(anonymous_3)","decl":{"start":{"line":15,"column":13},"end":{"line":15,"column":14}},"loc":{"start":{"line":15,"column":21},"end":{"line":17,"column":5}},"line":15},"4":{"name":"(anonymous_4)","decl":{"start":{"line":19,"column":13},"end":{"line":19,"column":14}},"loc":{"start":{"line":19,"column":24},"end":{"line":21,"column":5}},"line":19},"5":{"name":"(anonymous_5)","decl":{"start":{"line":23,"column":13},"end":{"line":23,"column":14}},"loc":{"start":{"line":23,"column":20},"end":{"line":25,"column":5}},"line":23}},"branchMap":{},"s":{"0":3,"1":3,"2":1,"3":3,"4":9,"5":3,"6":1,"7":3,"8":2,"9":3,"10":0},"f":{"0":3,"1":1,"2":9,"3":1,"4":2,"5":0},"b":{},"_coverageSchema":"1a1c01bbd47fc00a2c39e90264f33305004495a9","hash":"25d26b6187ed4a3c73768607c8c968fc8494c205"}
,"C:\\Users\\Alejo\\Downloads\\Backend-Adoptme-main\\src\\repository\\PetRepository.js": {"path":"C:\\Users\\Alejo\\Downloads\\Backend-Adoptme-main\\src\\repository\\PetRepository.js","statementMap":{"0":{"start":{"line":5,"column":8},"end":{"line":5,"column":19}}},"fnMap":{"0":{"name":"(anonymous_0)","decl":{"start":{"line":4,"column":4},"end":{"line":4,"column":5}},"loc":{"start":{"line":4,"column":21},"end":{"line":6,"column":5}},"line":4}},"branchMap":{},"s":{"0":1},"f":{"0":1},"b":{},"_coverageSchema":"1a1c01bbd47fc00a2c39e90264f33305004495a9","hash":"ec3ccae63d9b4251b65b82e58533a455a1d98bd2"}
,"C:\\Users\\Alejo\\Downloads\\Backend-Adoptme-main\\src\\repository\\UserRepository.js": {"path":"C:\\Users\\Alejo\\Downloads\\Backend-Adoptme-main\\src\\repository\\UserRepository.js","statementMap":{"0":{"start":{"line":6,"column":8},"end":{"line":6,"column":19}},"1":{"start":{"line":9,"column":21},"end":{"line":11,"column":5}},"2":{"start":{"line":10,"column":8},"end":{"line":10,"column":35}},"3":{"start":{"line":12,"column":18},"end":{"line":14,"column":5}},"4":{"start":{"line":13,"column":8},"end":{"line":13,"column":35}}},"fnMap":{"0":{"name":"(anonymous_0)","decl":{"start":{"line":5,"column":4},"end":{"line":5,"column":5}},"loc":{"start":{"line":5,"column":20},"end":{"line":7,"column":5}},"line":5},"1":{"name":"(anonymous_1)","decl":{"start":{"line":9,"column":21},"end":{"line":9,"column":22}},"loc":{"start":{"line":9,"column":31},"end":{"line":11,"column":5}},"line":9},"2":{"name":"(anonymous_2)","decl":{"start":{"line":12,"column":18},"end":{"line":12,"column":19}},"loc":{"start":{"line":12,"column":25},"end":{"line":14,"column":5}},"line":12}},"branchMap":{},"s":{"0":1,"1":1,"2":0,"3":1,"4":4},"f":{"0":1,"1":0,"2":4},"b":{},"_coverageSchema":"1a1c01bbd47fc00a2c39e90264f33305004495a9","hash":"0f9357bb0abe07e57cd15c37d5eddad9eea17daa"}
,"C:\\Users\\Alejo\\Downloads\\Backend-Adoptme-main\\src\\routes\\adoption.router.js": {"path":"C:\\Users\\Alejo\\Downloads\\Backend-Adoptme-main\\src\\routes\\adoption.router.js","statementMap":{"0":{"start":{"line":4,"column":15},"end":{"line":4,"column":23}},"1":{"start":{"line":6,"column":0},"end":{"line":6,"column":52}},"2":{"start":{"line":7,"column":0},"end":{"line":7,"column":52}},"3":{"start":{"line":8,"column":0},"end":{"line":8,"column":61}}},"fnMap":{},"branchMap":{},"s":{"0":1,"1":1,"2":1,"3":1},"f":{},"b":{},"_coverageSchema":"1a1c01bbd47fc00a2c39e90264f33305004495a9","hash":"9035dff283e51eb876a9831cd5dd17e1fc0cf355"}
,"C:\\Users\\Alejo\\Downloads\\Backend-Adoptme-main\\src\\routes\\mocks.router.js": {"path":"C:\\Users\\Alejo\\Downloads\\Backend-Adoptme-main\\src\\routes\\mocks.router.js","statementMap":{"0":{"start":{"line":6,"column":15},"end":{"line":6,"column":23}},"1":{"start":{"line":9,"column":28},"end":{"line":28,"column":1}},"2":{"start":{"line":10,"column":17},"end":{"line":10,"column":19}},"3":{"start":{"line":11,"column":20},"end":{"line":11,"column":73}},"4":{"start":{"line":13,"column":4},"end":{"line":25,"column":5}},"5":{"start":{"line":13,"column":17},"end":{"line":13,"column":18}},"6":{"start":{"line":14,"column":20},"end":{"line":22,"column":9}},"7":{"start":{"line":24,"column":8},"end":{"line":24,"column":23}},"8":{"start":{"line":27,"column":4},"end":{"line":27,"column":16}},"9":{"start":{"line":31,"column":0},"end":{"line":44,"column":3}},"10":{"start":{"line":32,"column":4},"end":{"line":43,"column":5}},"11":{"start":{"line":33,"column":28},"end":{"line":33,"column":52}},"12":{"start":{"line":34,"column":8},"end":{"line":37,"column":11}},"13":{"start":{"line":39,"column":8},"end":{"line":42,"column":11}},"14":{"start":{"line":47,"column":0},"end":{"line":60,"column":3}},"15":{"start":{"line":48,"column":4},"end":{"line":59,"column":5}},"16":{"start":{"line":49,"column":29},"end":{"line":49,"column":59}},"17":{"start":{"line":50,"column":8},"end":{"line":53,"column":11}},"18":{"start":{"line":55,"column":8},"end":{"line":58,"column":11}},"19":{"start":{"line":63,"column":0},"end":{"line":113,"column":3}},"20":{"start":{"line":64,"column":4},"end":{"line":112,"column":5}},"21":{"start":{"line":65,"column":32},"end":{"line":65,"column":40}},"22":{"start":{"line":68,"column":8},"end":{"line":73,"column":9}},"23":{"start":{"line":69,"column":12},"end":{"line":72,"column":15}},"24":{"start":{"line":75,"column":8},"end":{"line":80,"column":9}},"25":{"start":{"line":76,"column":12},"end":{"line":79,"column":15}},"26":{"start":{"line":82,"column":28},"end":{"line":82,"column":29}},"27":{"start":{"line":83,"column":27},"end":{"line":83,"column":28}},"28":{"start":{"line":86,"column":8},"end":{"line":90,"column":9}},"29":{"start":{"line":87,"column":33},"end":{"line":87,"column":66}},"30":{"start":{"line":88,"column":12},"end":{"line":88,"column":52}},"31":{"start":{"line":89,"column":12},"end":{"line":89,"column":34}},"32":{"start":{"line":93,"column":8},"end":{"line":97,"column":9}},"33":{"start":{"line":94,"column":32},"end":{"line":94,"column":57}},"34":{"start":{"line":95,"column":12},"end":{"line":95,"column":50}},"35":{"start":{"line":96,"column":12},"end":{"line":96,"column":32}},"36":{"start":{"line":99,"column":8},"end":{"line":106,"column":11}},"37":{"start":{"line":108,"column":8},"end":{"line":111,"column":11}}},"fnMap":{"0":{"name":"(anonymous_0)","decl":{"start":{"line":9,"column":28},"end":{"line":9,"column":29}},"loc":{"start":{"line":9,"column":42},"end":{"line":28,"column":1}},"line":9},"1":{"name":"(anonymous_1)","decl":{"start":{"line":31,"column":27},"end":{"line":31,"column":28}},"loc":{"start":{"line":31,"column":47},"end":{"line":44,"column":1}},"line":31},"2":{"name":"(anonymous_2)","decl":{"start":{"line":47,"column":28},"end":{"line":47,"column":29}},"loc":{"start":{"line":47,"column":48},"end":{"line":60,"column":1}},"line":47},"3":{"name":"(anonymous_3)","decl":{"start":{"line":63,"column":29},"end":{"line":63,"column":30}},"loc":{"start":{"line":63,"column":49},"end":{"line":113,"column":1}},"line":63}},"branchMap":{"0":{"loc":{"start":{"line":68,"column":8},"end":{"line":73,"column":9}},"type":"if","locations":[{"start":{"line":68,"column":8},"end":{"line":73,"column":9}},{"start":{},"end":{}}],"line":68},"1":{"loc":{"start":{"line":68,"column":12},"end":{"line":68,"column":110}},"type":"binary-expr","locations":[{"start":{"line":68,"column":12},"end":{"line":68,"column":31}},{"start":{"line":68,"column":35},"end":{"line":68,"column":53}},{"start":{"line":68,"column":57},"end":{"line":68,"column":82}},{"start":{"line":68,"column":86},"end":{"line":68,"column":110}}],"line":68},"2":{"loc":{"start":{"line":75,"column":8},"end":{"line":80,"column":9}},"type":"if","locations":[{"start":{"line":75,"column":8},"end":{"line":80,"column":9}},{"start":{},"end":{}}],"line":75},"3":{"loc":{"start":{"line":75,"column":12},"end":{"line":75,"column":33}},"type":"binary-expr","locations":[{"start":{"line":75,"column":12},"end":{"line":75,"column":21}},{"start":{"line":75,"column":25},"end":{"line":75,"column":33}}],"line":75},"4":{"loc":{"start":{"line":86,"column":8},"end":{"line":90,"column":9}},"type":"if","locations":[{"start":{"line":86,"column":8},"end":{"line":90,"column":9}},{"start":{},"end":{}}],"line":86},"5":{"loc":{"start":{"line":93,"column":8},"end":{"line":97,"column":9}},"type":"if","locations":[{"start":{"line":93,"column":8},"end":{"line":97,"column":9}},{"start":{},"end":{}}],"line":93}},"s":{"0":1,"1":1,"2":0,"3":0,"4":0,"5":0,"6":0,"7":0,"8":0,"9":1,"10":0,"11":0,"12":0,"13":0,"14":1,"15":0,"16":0,"17":0,"18":0,"19":1,"20":0,"21":0,"22":0,"23":0,"24":0,"25":0,"26":0,"27":0,"28":0,"29":0,"30":0,"31":0,"32":0,"33":0,"34":0,"35":0,"36":0,"37":0},"f":{"0":0,"1":0,"2":0,"3":0},"b":{"0":[0,0],"1":[0,0,0,0],"2":[0,0],"3":[0,0],"4":[0,0],"5":[0,0]},"_coverageSchema":"1a1c01bbd47fc00a2c39e90264f33305004495a9","hash":"29e3df5c4bea5fb8d853e9f99ae5362615c72522"}
,"C:\\Users\\Alejo\\Downloads\\Backend-Adoptme-main\\src\\routes\\pets.router.js": {"path":"C:\\Users\\Alejo\\Downloads\\Backend-Adoptme-main\\src\\routes\\pets.router.js","statementMap":{"0":{"start":{"line":5,"column":15},"end":{"line":5,"column":23}},"1":{"start":{"line":7,"column":0},"end":{"line":7,"column":42}},"2":{"start":{"line":8,"column":0},"end":{"line":8,"column":42}},"3":{"start":{"line":9,"column":0},"end":{"line":9,"column":86}},"4":{"start":{"line":10,"column":0},"end":{"line":10,"column":45}},"5":{"start":{"line":11,"column":0},"end":{"line":11,"column":48}}},"fnMap":{},"branchMap":{},"s":{"0":1,"1":1,"2":1,"3":1,"4":1,"5":1},"f":{},"b":{},"_coverageSchema":"1a1c01bbd47fc00a2c39e90264f33305004495a9","hash":"2a034d92f94974e40bf31a5dce258b3db0a7428d"}
,"C:\\Users\\Alejo\\Downloads\\Backend-Adoptme-main\\src\\routes\\sessions.router.js": {"path":"C:\\Users\\Alejo\\Downloads\\Backend-Adoptme-main\\src\\routes\\sessions.router.js","statementMap":{"0":{"start":{"line":4,"column":15},"end":{"line":4,"column":23}},"1":{"start":{"line":6,"column":0},"end":{"line":6,"column":53}},"2":{"start":{"line":7,"column":0},"end":{"line":7,"column":47}},"3":{"start":{"line":8,"column":0},"end":{"line":8,"column":50}},"4":{"start":{"line":9,"column":0},"end":{"line":9,"column":68}},"5":{"start":{"line":10,"column":0},"end":{"line":10,"column":72}}},"fnMap":{},"branchMap":{},"s":{"0":1,"1":1,"2":1,"3":1,"4":1,"5":1},"f":{},"b":{},"_coverageSchema":"1a1c01bbd47fc00a2c39e90264f33305004495a9","hash":"ce1fc7c3aed7f85eb54c9a56165cb470db98573d"}
,"C:\\Users\\Alejo\\Downloads\\Backend-Adoptme-main\\src\\routes\\users.router.js": {"path":"C:\\Users\\Alejo\\Downloads\\Backend-Adoptme-main\\src\\routes\\users.router.js","statementMap":{"0":{"start":{"line":4,"column":15},"end":{"line":4,"column":23}},"1":{"start":{"line":6,"column":0},"end":{"line":6,"column":44}},"2":{"start":{"line":8,"column":0},"end":{"line":8,"column":44}},"3":{"start":{"line":9,"column":0},"end":{"line":9,"column":47}},"4":{"start":{"line":10,"column":0},"end":{"line":10,"column":50}}},"fnMap":{},"branchMap":{},"s":{"0":1,"1":1,"2":1,"3":1,"4":1},"f":{},"b":{},"_coverageSchema":"1a1c01bbd47fc00a2c39e90264f33305004495a9","hash":"9d98e56e6f8bcc1dda6f07a4828c52bde9f9e43e"}
,"C:\\Users\\Alejo\\Downloads\\Backend-Adoptme-main\\src\\services\\index.js": {"path":"C:\\Users\\Alejo\\Downloads\\Backend-Adoptme-main\\src\\services\\index.js","statementMap":{"0":{"start":{"line":9,"column":28},"end":{"line":9,"column":59}},"1":{"start":{"line":10,"column":27},"end":{"line":10,"column":55}},"2":{"start":{"line":11,"column":32},"end":{"line":11,"column":70}}},"fnMap":{},"branchMap":{},"s":{"0":1,"1":1,"2":1},"f":{},"b":{},"_coverageSchema":"1a1c01bbd47fc00a2c39e90264f33305004495a9","hash":"0b4c9e6d8e15eee0b0e19847b3e5545c361c0141"}
,"C:\\Users\\Alejo\\Downloads\\Backend-Adoptme-main\\src\\utils\\index.js": {"path":"C:\\Users\\Alejo\\Downloads\\Backend-Adoptme-main\\src\\utils\\index.js","statementMap":{"0":{"start":{"line":5,"column":26},"end":{"line":8,"column":1}},"1":{"start":{"line":6,"column":18},"end":{"line":6,"column":42}},"2":{"start":{"line":7,"column":4},"end":{"line":7,"column":39}},"3":{"start":{"line":10,"column":34},"end":{"line":10,"column":96}},"4":{"start":{"line":10,"column":58},"end":{"line":10,"column":96}},"5":{"start":{"line":12,"column":19},"end":{"line":12,"column":49}},"6":{"start":{"line":13,"column":18},"end":{"line":13,"column":37}}},"fnMap":{"0":{"name":"(anonymous_0)","decl":{"start":{"line":5,"column":26},"end":{"line":5,"column":27}},"loc":{"start":{"line":5,"column":44},"end":{"line":8,"column":1}},"line":5},"1":{"name":"(anonymous_1)","decl":{"start":{"line":10,"column":34},"end":{"line":10,"column":35}},"loc":{"start":{"line":10,"column":58},"end":{"line":10,"column":96}},"line":10}},"branchMap":{},"s":{"0":1,"1":0,"2":0,"3":1,"4":0,"5":1,"6":1},"f":{"0":0,"1":0},"b":{},"_coverageSchema":"1a1c01bbd47fc00a2c39e90264f33305004495a9","hash":"14573c1db30d392d5b8835dc356ab96bd510dd46"}
,"C:\\Users\\Alejo\\Downloads\\Backend-Adoptme-main\\src\\utils\\mockingUsers.js": {"path":"C:\\Users\\Alejo\\Downloads\\Backend-Adoptme-main\\src\\utils\\mockingUsers.js","statementMap":{"0":{"start":{"line":5,"column":36},"end":{"line":26,"column":1}},"1":{"start":{"line":6,"column":18},"end":{"line":6,"column":20}},"2":{"start":{"line":7,"column":18},"end":{"line":7,"column":35}},"3":{"start":{"line":9,"column":4},"end":{"line":23,"column":5}},"4":{"start":{"line":9,"column":17},"end":{"line":9,"column":18}},"5":{"start":{"line":10,"column":34},"end":{"line":10,"column":62}},"6":{"start":{"line":12,"column":21},"end":{"line":20,"column":9}},"7":{"start":{"line":22,"column":8},"end":{"line":22,"column":25}},"8":{"start":{"line":25,"column":4},"end":{"line":25,"column":17}}},"fnMap":{"0":{"name":"(anonymous_0)","decl":{"start":{"line":5,"column":36},"end":{"line":5,"column":37}},"loc":{"start":{"line":5,"column":56},"end":{"line":26,"column":1}},"line":5}},"branchMap":{},"s":{"0":1,"1":0,"2":0,"3":0,"4":0,"5":0,"6":0,"7":0,"8":0},"f":{"0":0},"b":{},"_coverageSchema":"1a1c01bbd47fc00a2c39e90264f33305004495a9","hash":"8086431e679edee58ffa5b16724f7a1daa087bab"}
,"C:\\Users\\Alejo\\Downloads\\Backend-Adoptme-main\\src\\utils\\uploader.js": {"path":"C:\\Users\\Alejo\\Downloads\\Backend-Adoptme-main\\src\\utils\\uploader.js","statementMap":{"0":{"start":{"line":4,"column":16},"end":{"line":11,"column":2}},"1":{"start":{"line":6,"column":8},"end":{"line":6,"column":45}},"2":{"start":{"line":9,"column":8},"end":{"line":9,"column":53}},"3":{"start":{"line":13,"column":17},"end":{"line":13,"column":34}}},"fnMap":{"0":{"name":"(anonymous_0)","decl":{"start":{"line":5,"column":16},"end":{"line":5,"column":17}},"loc":{"start":{"line":5,"column":37},"end":{"line":7,"column":5}},"line":5},"1":{"name":"(anonymous_1)","decl":{"start":{"line":8,"column":13},"end":{"line":8,"column":14}},"loc":{"start":{"line":8,"column":34},"end":{"line":10,"column":5}},"line":8}},"branchMap":{},"s":{"0":1,"1":0,"2":0,"3":1},"f":{"0":0,"1":0},"b":{},"_coverageSchema":"1a1c01bbd47fc00a2c39e90264f33305004495a9","hash":"ac17e150de51c64881ba7b6cabd783a760a19b7e"}
}
