TN:
SF:src\app.js
FNF:0
FNH:0
DA:10,4
DA:12,4
DA:14,4
DA:15,4
DA:17,4
DA:18,4
DA:19,4
DA:20,4
DA:21,4
DA:23,4
LF:10
LH:10
BRF:0
BRH:0
end_of_record
TN:
SF:src\controllers\adoptions.controller.js
FN:3,(anonymous_0)
FN:12,(anonymous_1)
FN:23,(anonymous_2)
FNF:3
FNH:3
FNDA:2,(anonymous_0)
FNDA:2,(anonymous_1)
FNDA:6,(anonymous_2)
DA:3,4
DA:4,2
DA:5,2
DA:6,2
DA:8,0
DA:12,4
DA:13,2
DA:14,2
DA:15,2
DA:16,2
DA:17,1
DA:19,0
DA:23,4
DA:24,6
DA:25,6
DA:26,6
DA:27,6
DA:28,5
DA:29,5
DA:30,4
DA:31,3
DA:32,3
DA:33,3
DA:34,3
DA:35,3
DA:37,0
LF:26
LH:23
BRDA:16,0,0,1
BRDA:16,0,1,1
BRDA:27,1,0,1
BRDA:27,1,1,5
BRDA:29,2,0,1
BRDA:29,2,1,4
BRDA:30,3,0,1
BRDA:30,3,1,3
BRF:8
BRH:8
end_of_record
TN:
SF:src\controllers\pets.controller.js
FN:5,(anonymous_0)
FN:14,(anonymous_1)
FN:26,(anonymous_2)
FN:37,(anonymous_3)
FN:47,(anonymous_4)
FNF:5
FNH:4
FNDA:2,(anonymous_0)
FNDA:4,(anonymous_1)
FNDA:2,(anonymous_2)
FNDA:2,(anonymous_3)
FNDA:0,(anonymous_4)
DA:5,4
DA:6,2
DA:7,2
DA:8,2
DA:10,0
DA:14,4
DA:15,4
DA:16,4
DA:17,4
DA:18,1
DA:19,1
DA:20,1
DA:22,0
DA:26,4
DA:27,2
DA:28,2
DA:29,2
DA:30,2
DA:31,2
DA:33,0
DA:37,4
DA:38,2
DA:39,2
DA:40,2
DA:41,2
DA:43,0
DA:47,4
DA:48,0
DA:49,0
DA:50,0
DA:51,0
DA:57,0
DA:58,0
LF:33
LH:23
BRDA:17,0,0,3
BRDA:17,0,1,1
BRDA:17,1,0,4
BRDA:17,1,1,3
BRDA:17,1,2,1
BRDA:50,2,0,0
BRDA:50,2,1,0
BRDA:50,3,0,0
BRDA:50,3,1,0
BRDA:50,3,2,0
BRF:10
BRH:5
end_of_record
TN:
SF:src\controllers\sessions.controller.js
FN:6,(anonymous_0)
FN:26,(anonymous_1)
FN:42,(anonymous_2)
FN:53,(anonymous_3)
FN:67,(anonymous_4)
FNF:5
FNH:3
FNDA:4,(anonymous_0)
FNDA:5,(anonymous_1)
FNDA:1,(anonymous_2)
FNDA:0,(anonymous_3)
FNDA:0,(anonymous_4)
DA:6,4
DA:7,4
DA:8,4
DA:9,4
DA:10,3
DA:11,3
DA:12,2
DA:13,2
DA:19,2
DA:20,2
DA:22,0
DA:26,4
DA:27,5
DA:28,5
DA:29,5
DA:30,4
DA:31,4
DA:32,3
DA:33,3
DA:34,2
DA:35,2
DA:36,2
DA:38,0
DA:42,4
DA:43,1
DA:44,1
DA:45,1
DA:46,1
DA:47,1
DA:49,0
DA:53,4
DA:54,0
DA:55,0
DA:56,0
DA:57,0
DA:58,0
DA:59,0
DA:60,0
DA:61,0
DA:62,0
DA:64,0
DA:67,4
DA:68,0
DA:69,0
DA:70,0
DA:71,0
DA:72,0
DA:74,0
LF:48
LH:29
BRDA:9,0,0,1
BRDA:9,0,1,3
BRDA:9,1,0,4
BRDA:9,1,1,4
BRDA:9,1,2,4
BRDA:9,1,3,3
BRDA:11,2,0,1
BRDA:11,2,1,2
BRDA:29,3,0,1
BRDA:29,3,1,4
BRDA:29,4,0,5
BRDA:29,4,1,5
BRDA:31,5,0,1
BRDA:31,5,1,3
BRDA:33,6,0,1
BRDA:33,6,1,2
BRDA:46,7,0,1
BRDA:46,7,1,0
BRDA:56,8,0,0
BRDA:56,8,1,0
BRDA:56,9,0,0
BRDA:56,9,1,0
BRDA:58,10,0,0
BRDA:58,10,1,0
BRDA:60,11,0,0
BRDA:60,11,1,0
BRDA:71,12,0,0
BRDA:71,12,1,0
BRF:28
BRH:17
end_of_record
TN:
SF:src\controllers\users.controller.js
FN:3,(anonymous_0)
FN:12,(anonymous_1)
FN:19,(anonymous_2)
FN:28,(anonymous_3)
FNF:4
FNH:4
FNDA:2,(anonymous_0)
FNDA:2,(anonymous_1)
FNDA:2,(anonymous_2)
FNDA:2,(anonymous_3)
DA:3,4
DA:4,2
DA:5,2
DA:6,2
DA:8,0
DA:12,4
DA:13,2
DA:14,2
DA:15,2
DA:16,1
DA:19,4
DA:20,2
DA:21,2
DA:22,2
DA:23,2
DA:24,1
DA:25,1
DA:28,4
DA:29,2
DA:30,2
DA:31,2
DA:32,1
DA:33,1
DA:34,1
DA:36,1
LF:25
LH:24
BRDA:15,0,0,1
BRDA:15,0,1,1
BRDA:23,1,0,1
BRDA:23,1,1,1
BRDA:32,2,0,0
BRDA:32,2,1,1
BRF:6
BRH:5
end_of_record
TN:
SF:src\dao\Adoption.js
FN:5,(anonymous_0)
FN:9,(anonymous_1)
FN:13,(anonymous_2)
FN:17,(anonymous_3)
FN:21,(anonymous_4)
FNF:5
FNH:3
FNDA:2,(anonymous_0)
FNDA:2,(anonymous_1)
FNDA:3,(anonymous_2)
FNDA:0,(anonymous_3)
FNDA:0,(anonymous_4)
DA:5,4
DA:6,2
DA:9,4
DA:10,2
DA:13,4
DA:14,3
DA:17,4
DA:18,0
DA:21,4
DA:22,0
LF:10
LH:8
BRF:0
BRH:0
end_of_record
TN:
SF:src\dao\Pets.dao.js
FN:5,(anonymous_0)
FN:9,(anonymous_1)
FN:13,(anonymous_2)
FN:17,(anonymous_3)
FN:21,(anonymous_4)
FNF:5
FNH:5
FNDA:2,(anonymous_0)
FNDA:5,(anonymous_1)
FNDA:1,(anonymous_2)
FNDA:5,(anonymous_3)
FNDA:2,(anonymous_4)
DA:5,4
DA:6,2
DA:9,4
DA:10,5
DA:13,4
DA:14,1
DA:17,4
DA:18,5
DA:21,4
DA:22,2
LF:10
LH:10
BRF:0
BRH:0
end_of_record
TN:
SF:src\dao\Users.dao.js
FN:6,(anonymous_0)
FN:10,(anonymous_1)
FN:14,(anonymous_2)
FN:18,(anonymous_3)
FN:22,(anonymous_4)
FNF:5
FNH:5
FNDA:2,(anonymous_0)
FNDA:19,(anonymous_1)
FNDA:2,(anonymous_2)
FNDA:4,(anonymous_3)
FNDA:1,(anonymous_4)
DA:6,4
DA:7,2
DA:10,4
DA:11,19
DA:14,4
DA:15,2
DA:18,4
DA:19,4
DA:22,4
DA:23,1
LF:10
LH:10
BRF:0
BRH:0
end_of_record
TN:
SF:src\dao\models\Adoption.js
FNF:0
FNH:0
DA:4,4
DA:6,4
DA:17,4
LF:3
LH:3
BRF:0
BRH:0
end_of_record
TN:
SF:src\dao\models\Pet.js
FNF:0
FNH:0
DA:3,4
DA:5,4
DA:26,4
LF:3
LH:3
BRF:0
BRH:0
end_of_record
TN:
SF:src\dao\models\User.js
FNF:0
FNH:0
DA:3,4
DA:5,4
DA:40,4
LF:3
LH:3
BRF:0
BRH:0
end_of_record
TN:
SF:src\dto\Pet.dto.js
FN:2,(anonymous_0)
FNF:1
FNH:1
FNDA:1,(anonymous_0)
DA:2,4
DA:3,1
LF:2
LH:2
BRDA:4,0,0,1
BRDA:4,0,1,0
BRDA:5,1,0,1
BRDA:5,1,1,0
BRDA:6,2,0,1
BRDA:6,2,1,1
BRDA:7,3,0,1
BRDA:7,3,1,0
BRF:8
BRH:5
end_of_record
TN:
SF:src\dto\User.dto.js
FN:2,(anonymous_0)
FNF:1
FNH:1
FNDA:2,(anonymous_0)
DA:2,4
DA:3,2
LF:2
LH:2
BRF:0
BRH:0
end_of_record
TN:
SF:src\repository\AdoptionRepository.js
FN:4,(anonymous_0)
FNF:1
FNH:1
FNDA:4,(anonymous_0)
DA:5,4
LF:1
LH:1
BRF:0
BRH:0
end_of_record
TN:
SF:src\repository\GenericRepository.js
FN:3,(anonymous_0)
FN:7,(anonymous_1)
FN:11,(anonymous_2)
FN:15,(anonymous_3)
FN:19,(anonymous_4)
FN:23,(anonymous_5)
FNF:6
FNH:6
FNDA:12,(anonymous_0)
FNDA:6,(anonymous_1)
FNDA:26,(anonymous_2)
FNDA:6,(anonymous_3)
FNDA:9,(anonymous_4)
FNDA:3,(anonymous_5)
DA:4,12
DA:7,12
DA:8,6
DA:11,12
DA:12,26
DA:15,12
DA:16,6
DA:19,12
DA:20,9
DA:23,12
DA:24,3
LF:11
LH:11
BRF:0
BRH:0
end_of_record
TN:
SF:src\repository\PetRepository.js
FN:4,(anonymous_0)
FNF:1
FNH:1
FNDA:4,(anonymous_0)
DA:5,4
LF:1
LH:1
BRF:0
BRH:0
end_of_record
TN:
SF:src\repository\UserRepository.js
FN:5,(anonymous_0)
FN:9,(anonymous_1)
FN:12,(anonymous_2)
FNF:3
FNH:3
FNDA:4,(anonymous_0)
FNDA:7,(anonymous_1)
FNDA:12,(anonymous_2)
DA:6,4
DA:9,4
DA:10,7
DA:12,4
DA:13,12
LF:5
LH:5
BRF:0
BRH:0
end_of_record
TN:
SF:src\routes\adoption.router.js
FNF:0
FNH:0
DA:4,4
DA:6,4
DA:7,4
DA:8,4
LF:4
LH:4
BRF:0
BRH:0
end_of_record
TN:
SF:src\routes\mocks.router.js
FN:9,(anonymous_0)
FN:31,(anonymous_1)
FN:47,(anonymous_2)
FN:63,(anonymous_3)
FNF:4
FNH:0
FNDA:0,(anonymous_0)
FNDA:0,(anonymous_1)
FNDA:0,(anonymous_2)
FNDA:0,(anonymous_3)
DA:6,4
DA:9,4
DA:10,0
DA:11,0
DA:13,0
DA:14,0
DA:24,0
DA:27,0
DA:31,4
DA:32,0
DA:33,0
DA:34,0
DA:39,0
DA:47,4
DA:48,0
DA:49,0
DA:50,0
DA:55,0
DA:63,4
DA:64,0
DA:65,0
DA:68,0
DA:69,0
DA:75,0
DA:76,0
DA:82,0
DA:83,0
DA:86,0
DA:87,0
DA:88,0
DA:89,0
DA:93,0
DA:94,0
DA:95,0
DA:96,0
DA:99,0
DA:108,0
LF:37
LH:5
BRDA:68,0,0,0
BRDA:68,0,1,0
BRDA:68,1,0,0
BRDA:68,1,1,0
BRDA:68,1,2,0
BRDA:68,1,3,0
BRDA:75,2,0,0
BRDA:75,2,1,0
BRDA:75,3,0,0
BRDA:75,3,1,0
BRDA:86,4,0,0
BRDA:86,4,1,0
BRDA:93,5,0,0
BRDA:93,5,1,0
BRF:14
BRH:0
end_of_record
TN:
SF:src\routes\pets.router.js
FNF:0
FNH:0
DA:5,4
DA:7,4
DA:8,4
DA:9,4
DA:10,4
DA:11,4
LF:6
LH:6
BRF:0
BRH:0
end_of_record
TN:
SF:src\routes\sessions.router.js
FNF:0
FNH:0
DA:4,4
DA:6,4
DA:7,4
DA:8,4
DA:9,4
DA:10,4
LF:6
LH:6
BRF:0
BRH:0
end_of_record
TN:
SF:src\routes\users.router.js
FNF:0
FNH:0
DA:4,4
DA:6,4
DA:8,4
DA:9,4
DA:10,4
LF:5
LH:5
BRF:0
BRH:0
end_of_record
TN:
SF:src\services\index.js
FNF:0
FNH:0
DA:9,4
DA:10,4
DA:11,4
LF:3
LH:3
BRF:0
BRH:0
end_of_record
TN:
SF:src\utils\index.js
FN:5,(anonymous_0)
FN:10,(anonymous_1)
FNF:2
FNH:2
FNDA:6,(anonymous_0)
FNDA:3,(anonymous_1)
DA:5,4
DA:6,6
DA:7,6
DA:10,4
DA:12,4
DA:13,4
LF:6
LH:6
BRF:0
BRH:0
end_of_record
TN:
SF:src\utils\mockingUsers.js
FN:5,(anonymous_0)
FNF:1
FNH:0
FNDA:0,(anonymous_0)
DA:5,4
DA:6,0
DA:7,0
DA:9,0
DA:10,0
DA:12,0
DA:22,0
DA:25,0
LF:8
LH:1
BRF:0
BRH:0
end_of_record
TN:
SF:src\utils\uploader.js
FN:5,(anonymous_0)
FN:8,(anonymous_1)
FNF:2
FNH:0
FNDA:0,(anonymous_0)
FNDA:0,(anonymous_1)
DA:4,4
DA:6,0
DA:9,0
DA:13,4
LF:4
LH:2
BRF:0
BRH:0
end_of_record
